E:\WORK\CODE\NONAME001\DEBUG\NONAME001.EXE
E:\WORK\CODE\NONAME001\DEBUG\NONAME001.ILK
E:\WORK\CODE\NONAME001\DEBUG\NONAME001.PDB
E:\Work\code\NoName001\NoName001\Debug\cl.command.1.tlog
E:\Work\code\NoName001\NoName001\Debug\CL.read.1.tlog
E:\Work\code\NoName001\NoName001\Debug\CL.write.1.tlog
E:\WORK\CODE\NONAME001\NONAME001\DEBUG\DRAWRADARVIEW.OBJ
E:\Work\code\NoName001\NoName001\Debug\link.command.1.tlog
E:\Work\code\NoName001\NoName001\Debug\link.read.1.tlog
E:\Work\code\NoName001\NoName001\Debug\link.write.1.tlog
E:\Work\code\NoName001\NoName001\Debug\link-cvtres.read.1.tlog
E:\Work\code\NoName001\NoName001\Debug\link-cvtres.write.1.tlog
E:\WORK\CODE\NONAME001\NONAME001\DEBUG\MAINVIEW.OBJ
E:\Work\code\NoName001\NoName001\Debug\mt.command.1.tlog
E:\Work\code\NoName001\NoName001\Debug\mt.read.1.tlog
E:\Work\code\NoName001\NoName001\Debug\mt.write.1.tlog
E:\WORK\CODE\NONAME001\NONAME001\DEBUG\NONAME001.EXE.EMBED.MANIFEST
E:\WORK\CODE\NONAME001\NONAME001\DEBUG\NONAME001.EXE.EMBED.MANIFEST.RES
E:\WORK\CODE\NONAME001\NONAME001\DEBUG\NONAME001.EXE.INTERMEDIATE.MANIFEST
E:\WORK\CODE\NONAME001\NONAME001\DEBUG\NONAME001.OBJ
E:\WORK\CODE\NONAME001\NONAME001\DEBUG\NONAME001.PCH
E:\WORK\CODE\NONAME001\NONAME001\DEBUG\NONAME001.RES
E:\Work\code\NoName001\NoName001\Debug\NoName001.vcxprojResolveAssemblyReference.cache
E:\Work\code\NoName001\NoName001\Debug\NoName001.write.1.tlog
E:\Work\code\NoName001\NoName001\Debug\NoName001_manifest.rc
E:\WORK\CODE\NONAME001\NONAME001\DEBUG\NONAME001DLG.OBJ
E:\Work\code\NoName001\NoName001\Debug\rc.command.1.tlog
E:\Work\code\NoName001\NoName001\Debug\rc.read.1.tlog
E:\Work\code\NoName001\NoName001\Debug\rc.write.1.tlog
E:\WORK\CODE\NONAME001\NONAME001\DEBUG\STDAFX.OBJ
E:\Work\code\NoName001\NoName001\Debug\vc100.idb
E:\WORK\CODE\NONAME001\NONAME001\DEBUG\VC100.PDB
